2025-11-07 12:28:15,022 - INFO - Succesfully read the YAML file
2025-11-07 12:28:15,023 - INFO - Data Ingestion Started....
2025-11-07 12:28:15,023 - INFO - Starting Data Ingestion Process....
2025-11-07 12:28:15,991 - ERROR - Error while downloading data from GCP
2025-11-07 12:28:15,991 - ERROR - CustomException : Error in C:\Users\noame\OneDrive\Desktop\MLOps\Section3-Hybrid_Anime_Recommender_System\MLOPS-PROJECT2\src\data_ingestion.py , line 40 : Failed to download data
2025-11-07 12:28:15,991 - INFO - Data Ingestion DONE...
2025-11-07 12:32:22,770 - INFO - Succesfully read the YAML file
2025-11-07 12:32:22,770 - INFO - Data Ingestion Started....
2025-11-07 12:32:22,773 - INFO - Starting Data Ingestion Process....
2025-11-07 12:32:23,714 - ERROR - Error while downloading data from GCP
2025-11-07 12:32:23,714 - ERROR - CustomException : Error in C:\Users\noame\OneDrive\Desktop\MLOps\Section3-Hybrid_Anime_Recommender_System\MLOPS-PROJECT2\src\data_ingestion.py , line 40 : Failed to download data
2025-11-07 12:32:23,714 - INFO - Data Ingestion DONE...
2025-11-07 12:46:32,146 - INFO - Succesfully read the YAML file
2025-11-07 12:46:32,147 - INFO - Data Ingestion Started....
2025-11-07 12:46:32,147 - INFO - Starting Data Ingestion Process....
2025-11-07 12:46:34,031 - INFO - Downloading Smaller Files ie anime and anime_with synopsis
2025-11-07 12:46:34,823 - INFO - Downloading Smaller Files ie anime and anime_with synopsis
2025-11-07 12:48:01,585 - INFO - Large file detected Only downloading 5M rows
2025-11-07 12:48:01,598 - INFO - Data Ingestion Completed...
2025-11-07 12:48:01,598 - INFO - Data Ingestion DONE...
